2015-10-14T14:00:18.507Z - info: Initializing internal state machine.
2015-10-14T14:00:18.508Z - info: Initializing socket connection
2015-10-14T14:00:19.423Z - info: Connection established
2015-10-14T14:00:19.425Z - info: Initializing table...
2015-10-14T14:00:19.546Z - info: Inserting mockup data...
2015-10-14T14:00:19.547Z - info: Retrieving connection data:
2015-10-14T14:00:19.725Z - info: Retrieved connection data: app_id=549e8e69946cc0c2c8f863b68c37148d, app_key=-----BEGIN RSA PRIVATE KEY----- MIICXAIBAAKBgQDOqbRQZGQX+8a7SqzLMUOQTBeo62xt8FFTSBtp5nE7G6Cp7x7r 47/gMQLoDsl3pTPOgZyxwHkndJZ6Bo/YX1v7GzZqmsOevt0JEi8bau6iuSFyrmUt aI4FPRnBXJttT0PIyZNNL3hgj13JqAuw1JJUsCd/AzZQ5K9Px31JlWUv4wIDAQAB AoGAZMw3C2L7wwrlkmJIx05+8rl6bMRu/WxSbjlkTZG9NqQyB9B+l3VdF98v2Lml oDquexGSuMv1C758yoW60UEpnf71VqBqxws1O8/cnOixqZe5oiEcz+Ss2MbQWbV9 0nvjt8RnUWaSc7mjiFTzBHrFNXOCH/7wx1lCJi7+RrPG3jECQQDkduOG5oMGqR6h VKjKO3muPiXyq9aPCRz/0wBTxdnwvE3fdALkZotCrT68Z1NG6LRO0iJKm+BI2bSG Uty2Sl/ZAkEA55IlNFodAlJXRWcC5zA5CnpGJvIa9M6dvp3owE+Kj9qCe1o2VApo HYxJiHmME/S7GYW1AEqfTKv9SeQ/OJ00GwJAejwB0BNU1yN09+xLwqe/mrI1q3i0 +yJtGZLTAf9Bc8PMBloTkhArQile/35o1+95SRK0tiZgAZo5NATxgbaZQQJAed1e OOvHYmZkyQBJ9dJZ4lqwumQkrXpiZ2MAjtwNJmEu062I87c6TXp7ZBfbENF0+Rx1 QX8D0Dyeohk88BVCywJBAIqBCksFVEQtDg6JrmxyebgrdDmNjaStXL/4y4XSAK5v XqChRg3ZpJre+vnYDQPpiaw3NItj/pB6jPhdzQ2JBz4= -----END RSA PRIVATE KEY-----
2015-10-14T14:00:19.725Z - info: Closing database connection
2015-10-14T14:00:19.726Z - info: Getting regular handshake request with app_id:  549e8e69946cc0c2c8f863b68c37148d
2015-10-14T14:00:19.726Z - info: Sending request through socket: {"msg":{"oid":"clientHello"},"header":{"protoVer":"1.0","seq":0,"oid":"clientHeader","appType":"extension","osId":"linux","devId":"node_js_lib","appId":"549e8e69946cc0c2c8f863b68c37148d"}}
2015-10-14T14:00:19.860Z - info: Received message: {"msg": {"connectionttl": 60, "sessionttl": 300, "refreshToken": "4c4712ac607fdebb9d4d0fc575538476c91bddd0", "oid": "serverHello"}, "header": {"token": "8f8f1ec347f55dfd78d369ef3a16dc84006eef9a", "oid": "serverHeader", "protoVer": "1.0", "seq": 1}}
2015-10-14T14:00:19.861Z - info: Parsed message -  connectionttl=60, sessionttl=300, refreshToken=4c4712ac607fdebb9d4d0fc575538476c91bddd0, oid=serverHello, token=8f8f1ec347f55dfd78d369ef3a16dc84006eef9a, oid=serverHeader, protoVer=1.0, seq=1
2015-10-14T14:00:19.861Z - info: Sending digest.
2015-10-14T14:00:19.894Z - info: Generated digest:  7b32a9f53ac6bdd2773a6d27898f0b209f9e299f163824e2bb6971179dc64b31a547b0cddb61189810a5301ce1538716893f0f6bca308bf1bd16150ac1d8d772631a5d305baa55d4a8dfa89ef419fec322007d1e08cb37df5627795831456c174e6c9e6dc80565a68f69a0750d40d01de9d55a04c995af3dc3f9cb5567279e3b
2015-10-14T14:00:19.894Z - info: Sending request through socket: {"msg":{"oid":"auth","key":"7b32a9f53ac6bdd2773a6d27898f0b209f9e299f163824e2bb6971179dc64b31a547b0cddb61189810a5301ce1538716893f0f6bca308bf1bd16150ac1d8d772631a5d305baa55d4a8dfa89ef419fec322007d1e08cb37df5627795831456c174e6c9e6dc80565a68f69a0750d40d01de9d55a04c995af3dc3f9cb5567279e3b"},"header":{"oid":"clientHeader","seq":2,"protoVer":"1.0","appType":"extension","appId":"549e8e69946cc0c2c8f863b68c37148d","osId":"linux","devId":"node_js_lib","token":"8f8f1ec347f55dfd78d369ef3a16dc84006eef9a"}}
2015-10-14T14:00:19.896Z - info: Handshake successful, going to READY.
2015-10-14T14:00:19.899Z - info: Client interface is ready.
2015-10-14T14:00:19.899Z - info: Check if user - andriy.lobashchuk@vakoms.com.ua exists.
2015-10-14T14:00:19.900Z - info: Sending request through socket: {"msg":{"oid":"rpcReq","onBehalfOf":"andriy.lobashchuk@vakoms.com.ua","namespace":"auth_client_plugin","call":"check_user_exists","data":{"keys":["client_key"],"values":["andriy.lobashchuk@vakoms.com.ua"]}},"header":{"protoVer":"1.0","seq":4,"oid":"clientHeader","appType":"extension","osId":"linux","devId":"node_js_lib","appId":"549e8e69946cc0c2c8f863b68c37148d","token":"8f8f1ec347f55dfd78d369ef3a16dc84006eef9a"}}
2015-10-14T14:01:15.912Z - info: Keep Alive nop, connection connected:  true
2015-10-14T14:01:15.913Z - info: Sending request through socket: {"msg":{"oid":"nop"},"header":{"protoVer":"1.0","seq":6,"oid":"clientHeader","appType":"extension","osId":"linux","devId":"node_js_lib","appId":"549e8e69946cc0c2c8f863b68c37148d","token":"8f8f1ec347f55dfd78d369ef3a16dc84006eef9a"}}
2015-10-14T14:01:16.038Z - info: Received message: {"msg": {"oid": "nop"}, "header": {"token": "8f8f1ec347f55dfd78d369ef3a16dc84006eef9a", "oid": "serverHeader", "protoVer": "1.0", "seq": 7}}
2015-10-14T14:01:16.038Z - info: Parsed message -  oid=nop, token=8f8f1ec347f55dfd78d369ef3a16dc84006eef9a, oid=serverHeader, protoVer=1.0, seq=7
2015-10-14T14:02:11.968Z - info: Keep Alive nop, connection connected:  true
2015-10-14T14:02:11.968Z - info: Sending request through socket: {"msg":{"oid":"nop"},"header":{"protoVer":"1.0","seq":8,"oid":"clientHeader","appType":"extension","osId":"linux","devId":"node_js_lib","appId":"549e8e69946cc0c2c8f863b68c37148d","token":"8f8f1ec347f55dfd78d369ef3a16dc84006eef9a"}}
2015-10-14T14:02:12.092Z - info: Received message: {"msg": {"oid": "nop"}, "header": {"token": "8f8f1ec347f55dfd78d369ef3a16dc84006eef9a", "oid": "serverHeader", "protoVer": "1.0", "seq": 9}}
2015-10-14T14:02:12.093Z - info: Parsed message -  oid=nop, token=8f8f1ec347f55dfd78d369ef3a16dc84006eef9a, oid=serverHeader, protoVer=1.0, seq=9
2015-10-14T14:02:18.468Z - info: Initializing internal state machine.
2015-10-14T14:02:18.468Z - info: Client interface is ready.
2015-10-14T14:03:08.016Z - info: Keep Alive nop, connection connected:  true
2015-10-14T14:03:08.016Z - info: Sending request through socket: {"msg":{"oid":"nop"},"header":{"protoVer":"1.0","seq":10,"oid":"clientHeader","appType":"extension","osId":"linux","devId":"node_js_lib","appId":"549e8e69946cc0c2c8f863b68c37148d","token":"8f8f1ec347f55dfd78d369ef3a16dc84006eef9a"}}
2015-10-14T14:03:08.140Z - info: Received message: {"msg": {"oid": "nop"}, "header": {"token": "8f8f1ec347f55dfd78d369ef3a16dc84006eef9a", "oid": "serverHeader", "protoVer": "1.0", "seq": 11}}
2015-10-14T14:03:08.141Z - info: Parsed message -  oid=nop, token=8f8f1ec347f55dfd78d369ef3a16dc84006eef9a, oid=serverHeader, protoVer=1.0, seq=11
2015-10-14T14:04:04.071Z - info: Keep Alive nop, connection connected:  true
2015-10-14T14:04:04.072Z - info: Sending request through socket: {"msg":{"oid":"nop"},"header":{"protoVer":"1.0","seq":12,"oid":"clientHeader","appType":"extension","osId":"linux","devId":"node_js_lib","appId":"549e8e69946cc0c2c8f863b68c37148d","token":"8f8f1ec347f55dfd78d369ef3a16dc84006eef9a"}}
2015-10-14T14:04:04.198Z - info: Received message: {"msg": {"oid": "nop"}, "header": {"token": "8f8f1ec347f55dfd78d369ef3a16dc84006eef9a", "oid": "serverHeader", "protoVer": "1.0", "seq": 13}}
2015-10-14T14:04:04.198Z - info: Parsed message -  oid=nop, token=8f8f1ec347f55dfd78d369ef3a16dc84006eef9a, oid=serverHeader, protoVer=1.0, seq=13
2015-10-14T14:05:00.112Z - info: Keep Alive nop, connection connected:  true
2015-10-14T14:05:00.112Z - info: Sending request through socket: {"msg":{"oid":"nop"},"header":{"protoVer":"1.0","seq":14,"oid":"clientHeader","appType":"extension","osId":"linux","devId":"node_js_lib","appId":"549e8e69946cc0c2c8f863b68c37148d","token":"8f8f1ec347f55dfd78d369ef3a16dc84006eef9a"}}
2015-10-14T14:05:00.240Z - info: Received message: {"msg": {"oid": "nop"}, "header": {"token": "8f8f1ec347f55dfd78d369ef3a16dc84006eef9a", "oid": "serverHeader", "protoVer": "1.0", "seq": 15}}
2015-10-14T14:05:00.240Z - info: Parsed message -  oid=nop, token=8f8f1ec347f55dfd78d369ef3a16dc84006eef9a, oid=serverHeader, protoVer=1.0, seq=15
2015-10-14T14:05:15.912Z - info: Refresh Token nop
2015-10-14T14:05:15.912Z - info: Sending request through socket: {"msg":{"oid":"nop"},"header":{"protoVer":"1.0","seq":16,"oid":"clientHeader","appType":"extension","osId":"linux","devId":"node_js_lib","appId":"549e8e69946cc0c2c8f863b68c37148d","token":"4c4712ac607fdebb9d4d0fc575538476c91bddd0"}}
2015-10-14T14:05:16.038Z - info: Received message: {"msg": {"oid": "nop"}, "header": {"token": "e04e1b001cdefefe18e61b65171aa51f0abcaf74", "oid": "serverHeader", "protoVer": "1.0", "seq": 17}}
2015-10-14T14:05:16.038Z - info: Parsed message -  oid=nop, token=e04e1b001cdefefe18e61b65171aa51f0abcaf74, oid=serverHeader, protoVer=1.0, seq=17
2015-10-14T14:06:11.928Z - info: Keep Alive nop, connection connected:  true
2015-10-14T14:06:11.930Z - info: Sending request through socket: {"msg":{"oid":"nop"},"header":{"protoVer":"1.0","seq":18,"oid":"clientHeader","appType":"extension","osId":"linux","devId":"node_js_lib","appId":"549e8e69946cc0c2c8f863b68c37148d","token":"e04e1b001cdefefe18e61b65171aa51f0abcaf74"}}
2015-10-14T14:06:12.058Z - info: Received message: {"msg": {"oid": "nop"}, "header": {"token": "e04e1b001cdefefe18e61b65171aa51f0abcaf74", "oid": "serverHeader", "protoVer": "1.0", "seq": 19}}
2015-10-14T14:06:12.058Z - info: Parsed message -  oid=nop, token=e04e1b001cdefefe18e61b65171aa51f0abcaf74, oid=serverHeader, protoVer=1.0, seq=19
2015-10-14T15:43:20.986Z - info: Initializing internal state machine.
2015-10-14T15:43:20.988Z - info: Initializing socket connection
2015-10-14T15:43:21.780Z - info: Connection established
2015-10-14T15:43:21.937Z - info: Initializing table...
2015-10-14T15:43:21.999Z - info: Inserting mockup data...
2015-10-14T15:43:22.000Z - info: Retrieving connection data:
2015-10-14T15:43:22.001Z - info: Retrieved connection data: app_id=549e8e69946cc0c2c8f863b68c37148d, app_key=-----BEGIN RSA PRIVATE KEY----- MIICXAIBAAKBgQDOqbRQZGQX+8a7SqzLMUOQTBeo62xt8FFTSBtp5nE7G6Cp7x7r 47/gMQLoDsl3pTPOgZyxwHkndJZ6Bo/YX1v7GzZqmsOevt0JEi8bau6iuSFyrmUt aI4FPRnBXJttT0PIyZNNL3hgj13JqAuw1JJUsCd/AzZQ5K9Px31JlWUv4wIDAQAB AoGAZMw3C2L7wwrlkmJIx05+8rl6bMRu/WxSbjlkTZG9NqQyB9B+l3VdF98v2Lml oDquexGSuMv1C758yoW60UEpnf71VqBqxws1O8/cnOixqZe5oiEcz+Ss2MbQWbV9 0nvjt8RnUWaSc7mjiFTzBHrFNXOCH/7wx1lCJi7+RrPG3jECQQDkduOG5oMGqR6h VKjKO3muPiXyq9aPCRz/0wBTxdnwvE3fdALkZotCrT68Z1NG6LRO0iJKm+BI2bSG Uty2Sl/ZAkEA55IlNFodAlJXRWcC5zA5CnpGJvIa9M6dvp3owE+Kj9qCe1o2VApo HYxJiHmME/S7GYW1AEqfTKv9SeQ/OJ00GwJAejwB0BNU1yN09+xLwqe/mrI1q3i0 +yJtGZLTAf9Bc8PMBloTkhArQile/35o1+95SRK0tiZgAZo5NATxgbaZQQJAed1e OOvHYmZkyQBJ9dJZ4lqwumQkrXpiZ2MAjtwNJmEu062I87c6TXp7ZBfbENF0+Rx1 QX8D0Dyeohk88BVCywJBAIqBCksFVEQtDg6JrmxyebgrdDmNjaStXL/4y4XSAK5v XqChRg3ZpJre+vnYDQPpiaw3NItj/pB6jPhdzQ2JBz4= -----END RSA PRIVATE KEY-----
2015-10-14T15:43:22.001Z - info: Closing database connection
2015-10-14T15:43:22.001Z - info: Getting regular handshake request with app_id:  549e8e69946cc0c2c8f863b68c37148d
2015-10-14T15:43:22.002Z - info: Sending request through socket: {"msg":{"oid":"clientHello"},"header":{"protoVer":"1.0","seq":0,"oid":"clientHeader","appType":"extension","osId":"linux","devId":"node_js_lib","appId":"549e8e69946cc0c2c8f863b68c37148d"}}
2015-10-14T15:43:22.140Z - info: Received message: {"msg": {"connectionttl": 60, "sessionttl": 300, "refreshToken": "8b261ba65ffc238f7bed5e365e99daeb670c5809", "oid": "serverHello"}, "header": {"token": "465d4145e504243f53b8a35eaf2465e80f1d66ec", "oid": "serverHeader", "protoVer": "1.0", "seq": 1}}
2015-10-14T15:43:22.141Z - info: Parsed message -  connectionttl=60, sessionttl=300, refreshToken=8b261ba65ffc238f7bed5e365e99daeb670c5809, oid=serverHello, token=465d4145e504243f53b8a35eaf2465e80f1d66ec, oid=serverHeader, protoVer=1.0, seq=1
2015-10-14T15:43:22.141Z - info: Sending digest.
2015-10-14T15:43:22.415Z - info: Generated digest:  2756a5d8cf9bb4d547fbeb73946dd38c327b12fdfa9eaa9fd8e05fbf0a10ae2d54227be7e8b6a68c46ad539c0cc0e7d8751aa709401ae3b1a0d6be181448014f3a9f5a7578ff72e39ccee147c2ab3c10e3b8bf989eab91d2b381fb3a988a697e3cec35913ecea3539965f77ee9ff9b389ef40845d5b9cb556eec57b4d399f618
2015-10-14T15:43:22.415Z - info: Sending request through socket: {"msg":{"oid":"auth","key":"2756a5d8cf9bb4d547fbeb73946dd38c327b12fdfa9eaa9fd8e05fbf0a10ae2d54227be7e8b6a68c46ad539c0cc0e7d8751aa709401ae3b1a0d6be181448014f3a9f5a7578ff72e39ccee147c2ab3c10e3b8bf989eab91d2b381fb3a988a697e3cec35913ecea3539965f77ee9ff9b389ef40845d5b9cb556eec57b4d399f618"},"header":{"oid":"clientHeader","seq":2,"protoVer":"1.0","appType":"extension","appId":"549e8e69946cc0c2c8f863b68c37148d","osId":"linux","devId":"node_js_lib","token":"465d4145e504243f53b8a35eaf2465e80f1d66ec"}}
2015-10-14T15:43:22.416Z - info: Handshake successful, going to READY.
2015-10-14T15:43:22.417Z - info: Client interface is ready.
2015-10-14T15:43:22.417Z - info: Check if user - andriy.lobashchuk@vakoms.com.ua exists.
2015-10-14T15:43:22.418Z - info: Sending request through socket: {"msg":{"oid":"rpcReq","onBehalfOf":"andriy.lobashchuk@vakoms.com.ua","namespace":"auth_client_plugin","call":"check_user_exists","data":{"keys":["client_key"],"values":["andriy.lobashchuk@vakoms.com.ua"]}},"header":{"protoVer":"1.0","seq":4,"oid":"clientHeader","appType":"extension","osId":"linux","devId":"node_js_lib","appId":"549e8e69946cc0c2c8f863b68c37148d","token":"465d4145e504243f53b8a35eaf2465e80f1d66ec"}}
2015-10-14T15:44:18.427Z - info: Keep Alive nop, connection connected:  true
2015-10-14T15:44:18.427Z - info: Sending request through socket: {"msg":{"oid":"nop"},"header":{"protoVer":"1.0","seq":6,"oid":"clientHeader","appType":"extension","osId":"linux","devId":"node_js_lib","appId":"549e8e69946cc0c2c8f863b68c37148d","token":"465d4145e504243f53b8a35eaf2465e80f1d66ec"}}
2015-10-14T15:44:18.556Z - info: Received message: {"msg": {"oid": "nop"}, "header": {"token": "465d4145e504243f53b8a35eaf2465e80f1d66ec", "oid": "serverHeader", "protoVer": "1.0", "seq": 7}}
2015-10-14T15:44:18.557Z - info: Parsed message -  oid=nop, token=465d4145e504243f53b8a35eaf2465e80f1d66ec, oid=serverHeader, protoVer=1.0, seq=7
2015-10-14T15:45:11.294Z - info: Connection closed.
2015-10-14T15:45:11.294Z - info: Received RPC response:  error=Socket connection closed.
2015-10-14T15:45:11.295Z - info: Received error from internal state machine: Socket connection closed.
2015-10-14T15:45:14.431Z - info: Keep Alive nop, connection connected:  false
2015-10-14T15:46:17.735Z - info: Initializing internal state machine.
2015-10-14T15:46:17.737Z - info: Initializing socket connection
2015-10-14T15:46:18.415Z - info: Connection established
2015-10-14T15:46:18.459Z - info: Initializing table...
2015-10-14T15:46:18.461Z - info: Inserting mockup data...
2015-10-14T15:46:18.461Z - info: Retrieving connection data:
2015-10-14T15:46:18.462Z - info: Retrieved connection data: app_id=549e8e69946cc0c2c8f863b68c37148d, app_key=-----BEGIN RSA PRIVATE KEY----- MIICXAIBAAKBgQDOqbRQZGQX+8a7SqzLMUOQTBeo62xt8FFTSBtp5nE7G6Cp7x7r 47/gMQLoDsl3pTPOgZyxwHkndJZ6Bo/YX1v7GzZqmsOevt0JEi8bau6iuSFyrmUt aI4FPRnBXJttT0PIyZNNL3hgj13JqAuw1JJUsCd/AzZQ5K9Px31JlWUv4wIDAQAB AoGAZMw3C2L7wwrlkmJIx05+8rl6bMRu/WxSbjlkTZG9NqQyB9B+l3VdF98v2Lml oDquexGSuMv1C758yoW60UEpnf71VqBqxws1O8/cnOixqZe5oiEcz+Ss2MbQWbV9 0nvjt8RnUWaSc7mjiFTzBHrFNXOCH/7wx1lCJi7+RrPG3jECQQDkduOG5oMGqR6h VKjKO3muPiXyq9aPCRz/0wBTxdnwvE3fdALkZotCrT68Z1NG6LRO0iJKm+BI2bSG Uty2Sl/ZAkEA55IlNFodAlJXRWcC5zA5CnpGJvIa9M6dvp3owE+Kj9qCe1o2VApo HYxJiHmME/S7GYW1AEqfTKv9SeQ/OJ00GwJAejwB0BNU1yN09+xLwqe/mrI1q3i0 +yJtGZLTAf9Bc8PMBloTkhArQile/35o1+95SRK0tiZgAZo5NATxgbaZQQJAed1e OOvHYmZkyQBJ9dJZ4lqwumQkrXpiZ2MAjtwNJmEu062I87c6TXp7ZBfbENF0+Rx1 QX8D0Dyeohk88BVCywJBAIqBCksFVEQtDg6JrmxyebgrdDmNjaStXL/4y4XSAK5v XqChRg3ZpJre+vnYDQPpiaw3NItj/pB6jPhdzQ2JBz4= -----END RSA PRIVATE KEY-----
2015-10-14T15:46:18.462Z - info: Closing database connection
2015-10-14T15:46:18.463Z - info: Getting regular handshake request with app_id:  549e8e69946cc0c2c8f863b68c37148d
2015-10-14T15:46:18.464Z - info: Sending request through socket: {"msg":{"oid":"clientHello"},"header":{"protoVer":"1.0","seq":0,"oid":"clientHeader","appType":"extension","osId":"linux","devId":"node_js_lib","appId":"549e8e69946cc0c2c8f863b68c37148d"}}
2015-10-14T15:46:18.620Z - info: Received message: {"msg": {"connectionttl": 60, "sessionttl": 300, "refreshToken": "2a29492ddef419517ef721fbb26a7435055ba93a", "oid": "serverHello"}, "header": {"token": "9a7edb47346e2a4c2a0fb1b3b45e6d7e6cdacd46", "oid": "serverHeader", "protoVer": "1.0", "seq": 1}}
2015-10-14T15:46:18.621Z - info: Parsed message -  connectionttl=60, sessionttl=300, refreshToken=2a29492ddef419517ef721fbb26a7435055ba93a, oid=serverHello, token=9a7edb47346e2a4c2a0fb1b3b45e6d7e6cdacd46, oid=serverHeader, protoVer=1.0, seq=1
2015-10-14T15:46:18.622Z - info: Sending digest.
2015-10-14T15:46:18.671Z - info: Generated digest:  322f5e9d4a405b1c3c8a607e4d6484c4960c6d86e0ce78b4258d14840312c218c5f69e9d88cbd8f832435be5279633b940170550e092903a7c11dc2e6d28492d98426bcc202af17b6eda99b818398c5b021acc7779beedb81b759ff31197f240674f459418f012612ad2a382ffe0f70f0312a30448c87c075726a8ba439f8d64
2015-10-14T15:46:18.671Z - info: Sending request through socket: {"msg":{"oid":"auth","key":"322f5e9d4a405b1c3c8a607e4d6484c4960c6d86e0ce78b4258d14840312c218c5f69e9d88cbd8f832435be5279633b940170550e092903a7c11dc2e6d28492d98426bcc202af17b6eda99b818398c5b021acc7779beedb81b759ff31197f240674f459418f012612ad2a382ffe0f70f0312a30448c87c075726a8ba439f8d64"},"header":{"oid":"clientHeader","seq":2,"protoVer":"1.0","appType":"extension","appId":"549e8e69946cc0c2c8f863b68c37148d","osId":"linux","devId":"node_js_lib","token":"9a7edb47346e2a4c2a0fb1b3b45e6d7e6cdacd46"}}
2015-10-14T15:46:18.672Z - info: Handshake successful, going to READY.
2015-10-14T15:46:18.674Z - info: Client interface is ready.
2015-10-14T15:46:18.674Z - info: Check if user - andriy.lobashchuk@vakoms.com.ua exists.
2015-10-14T15:46:18.674Z - info: Sending request through socket: {"msg":{"oid":"rpcReq","onBehalfOf":"andriy.lobashchuk@vakoms.com.ua","namespace":"auth_client_plugin","call":"check_user_exists","data":{"keys":["client_key"],"values":["andriy.lobashchuk@vakoms.com.ua"]}},"header":{"protoVer":"1.0","seq":4,"oid":"clientHeader","appType":"extension","osId":"linux","devId":"node_js_lib","appId":"549e8e69946cc0c2c8f863b68c37148d","token":"9a7edb47346e2a4c2a0fb1b3b45e6d7e6cdacd46"}}
2015-10-14T15:47:07.037Z - info: Initializing internal state machine.
2015-10-14T15:47:07.037Z - info: Client interface is ready.
2015-10-14T15:47:14.679Z - info: Keep Alive nop, connection connected:  true
2015-10-14T15:47:14.679Z - info: Sending request through socket: {"msg":{"oid":"nop"},"header":{"protoVer":"1.0","seq":6,"oid":"clientHeader","appType":"extension","osId":"linux","devId":"node_js_lib","appId":"549e8e69946cc0c2c8f863b68c37148d","token":"9a7edb47346e2a4c2a0fb1b3b45e6d7e6cdacd46"}}
2015-10-14T15:47:14.810Z - info: Received message: {"msg": {"oid": "nop"}, "header": {"token": "9a7edb47346e2a4c2a0fb1b3b45e6d7e6cdacd46", "oid": "serverHeader", "protoVer": "1.0", "seq": 7}}
2015-10-14T15:47:14.811Z - info: Parsed message -  oid=nop, token=9a7edb47346e2a4c2a0fb1b3b45e6d7e6cdacd46, oid=serverHeader, protoVer=1.0, seq=7
2015-10-14T15:48:10.692Z - info: Keep Alive nop, connection connected:  true
2015-10-14T15:48:10.692Z - info: Sending request through socket: {"msg":{"oid":"nop"},"header":{"protoVer":"1.0","seq":8,"oid":"clientHeader","appType":"extension","osId":"linux","devId":"node_js_lib","appId":"549e8e69946cc0c2c8f863b68c37148d","token":"9a7edb47346e2a4c2a0fb1b3b45e6d7e6cdacd46"}}
2015-10-14T15:48:10.827Z - info: Received message: {"msg": {"oid": "nop"}, "header": {"token": "9a7edb47346e2a4c2a0fb1b3b45e6d7e6cdacd46", "oid": "serverHeader", "protoVer": "1.0", "seq": 9}}
2015-10-14T15:48:10.827Z - info: Parsed message -  oid=nop, token=9a7edb47346e2a4c2a0fb1b3b45e6d7e6cdacd46, oid=serverHeader, protoVer=1.0, seq=9
2015-10-14T15:49:06.692Z - info: Keep Alive nop, connection connected:  true
2015-10-14T15:49:06.693Z - info: Sending request through socket: {"msg":{"oid":"nop"},"header":{"protoVer":"1.0","seq":10,"oid":"clientHeader","appType":"extension","osId":"linux","devId":"node_js_lib","appId":"549e8e69946cc0c2c8f863b68c37148d","token":"9a7edb47346e2a4c2a0fb1b3b45e6d7e6cdacd46"}}
2015-10-14T15:49:06.819Z - info: Received message: {"msg": {"oid": "nop"}, "header": {"token": "9a7edb47346e2a4c2a0fb1b3b45e6d7e6cdacd46", "oid": "serverHeader", "protoVer": "1.0", "seq": 11}}
2015-10-14T15:49:06.819Z - info: Parsed message -  oid=nop, token=9a7edb47346e2a4c2a0fb1b3b45e6d7e6cdacd46, oid=serverHeader, protoVer=1.0, seq=11
2015-10-14T15:50:02.694Z - info: Keep Alive nop, connection connected:  true
2015-10-14T15:50:02.695Z - info: Sending request through socket: {"msg":{"oid":"nop"},"header":{"protoVer":"1.0","seq":12,"oid":"clientHeader","appType":"extension","osId":"linux","devId":"node_js_lib","appId":"549e8e69946cc0c2c8f863b68c37148d","token":"9a7edb47346e2a4c2a0fb1b3b45e6d7e6cdacd46"}}
2015-10-14T15:50:02.820Z - info: Received message: {"msg": {"oid": "nop"}, "header": {"token": "9a7edb47346e2a4c2a0fb1b3b45e6d7e6cdacd46", "oid": "serverHeader", "protoVer": "1.0", "seq": 13}}
2015-10-14T15:50:02.820Z - info: Parsed message -  oid=nop, token=9a7edb47346e2a4c2a0fb1b3b45e6d7e6cdacd46, oid=serverHeader, protoVer=1.0, seq=13
2015-10-14T15:50:58.698Z - info: Keep Alive nop, connection connected:  true
2015-10-14T15:50:58.698Z - info: Sending request through socket: {"msg":{"oid":"nop"},"header":{"protoVer":"1.0","seq":14,"oid":"clientHeader","appType":"extension","osId":"linux","devId":"node_js_lib","appId":"549e8e69946cc0c2c8f863b68c37148d","token":"9a7edb47346e2a4c2a0fb1b3b45e6d7e6cdacd46"}}
2015-10-14T15:50:58.824Z - info: Received message: {"msg": {"oid": "nop"}, "header": {"token": "9a7edb47346e2a4c2a0fb1b3b45e6d7e6cdacd46", "oid": "serverHeader", "protoVer": "1.0", "seq": 15}}
2015-10-14T15:50:58.824Z - info: Parsed message -  oid=nop, token=9a7edb47346e2a4c2a0fb1b3b45e6d7e6cdacd46, oid=serverHeader, protoVer=1.0, seq=15
2015-10-14T15:51:14.687Z - info: Refresh Token nop
2015-10-14T15:51:14.687Z - info: Sending request through socket: {"msg":{"oid":"nop"},"header":{"protoVer":"1.0","seq":16,"oid":"clientHeader","appType":"extension","osId":"linux","devId":"node_js_lib","appId":"549e8e69946cc0c2c8f863b68c37148d","token":"2a29492ddef419517ef721fbb26a7435055ba93a"}}
2015-10-14T15:51:14.811Z - info: Received message: {"msg": {"oid": "nop"}, "header": {"token": "d2eb37a70e8c77e54a22cea448576622098715e7", "oid": "serverHeader", "protoVer": "1.0", "seq": 17}}
2015-10-14T15:51:14.812Z - info: Parsed message -  oid=nop, token=d2eb37a70e8c77e54a22cea448576622098715e7, oid=serverHeader, protoVer=1.0, seq=17
2015-10-14T15:51:46.060Z - info: Initializing internal state machine.
2015-10-14T15:51:46.066Z - info: Initializing socket connection
2015-10-14T15:51:46.857Z - info: Connection established
2015-10-14T15:51:46.877Z - info: Initializing table...
2015-10-14T15:51:46.879Z - info: Inserting mockup data...
2015-10-14T15:51:46.880Z - info: Retrieving connection data:
2015-10-14T15:51:46.881Z - info: Retrieved connection data: app_id=549e8e69946cc0c2c8f863b68c37148d, app_key=-----BEGIN RSA PRIVATE KEY----- MIICXAIBAAKBgQDOqbRQZGQX+8a7SqzLMUOQTBeo62xt8FFTSBtp5nE7G6Cp7x7r 47/gMQLoDsl3pTPOgZyxwHkndJZ6Bo/YX1v7GzZqmsOevt0JEi8bau6iuSFyrmUt aI4FPRnBXJttT0PIyZNNL3hgj13JqAuw1JJUsCd/AzZQ5K9Px31JlWUv4wIDAQAB AoGAZMw3C2L7wwrlkmJIx05+8rl6bMRu/WxSbjlkTZG9NqQyB9B+l3VdF98v2Lml oDquexGSuMv1C758yoW60UEpnf71VqBqxws1O8/cnOixqZe5oiEcz+Ss2MbQWbV9 0nvjt8RnUWaSc7mjiFTzBHrFNXOCH/7wx1lCJi7+RrPG3jECQQDkduOG5oMGqR6h VKjKO3muPiXyq9aPCRz/0wBTxdnwvE3fdALkZotCrT68Z1NG6LRO0iJKm+BI2bSG Uty2Sl/ZAkEA55IlNFodAlJXRWcC5zA5CnpGJvIa9M6dvp3owE+Kj9qCe1o2VApo HYxJiHmME/S7GYW1AEqfTKv9SeQ/OJ00GwJAejwB0BNU1yN09+xLwqe/mrI1q3i0 +yJtGZLTAf9Bc8PMBloTkhArQile/35o1+95SRK0tiZgAZo5NATxgbaZQQJAed1e OOvHYmZkyQBJ9dJZ4lqwumQkrXpiZ2MAjtwNJmEu062I87c6TXp7ZBfbENF0+Rx1 QX8D0Dyeohk88BVCywJBAIqBCksFVEQtDg6JrmxyebgrdDmNjaStXL/4y4XSAK5v XqChRg3ZpJre+vnYDQPpiaw3NItj/pB6jPhdzQ2JBz4= -----END RSA PRIVATE KEY-----
2015-10-14T15:51:46.882Z - info: Closing database connection
2015-10-14T15:51:46.882Z - info: Getting regular handshake request with app_id:  549e8e69946cc0c2c8f863b68c37148d
2015-10-14T15:51:46.884Z - info: Sending request through socket: {"msg":{"oid":"clientHello"},"header":{"protoVer":"1.0","seq":0,"oid":"clientHeader","appType":"extension","osId":"linux","devId":"node_js_lib","appId":"549e8e69946cc0c2c8f863b68c37148d"}}
2015-10-14T15:51:47.024Z - info: Received message: {"msg": {"connectionttl": 60, "sessionttl": 300, "refreshToken": "2e0b75ae5730a5c0ab63418b3b5236b4906e173f", "oid": "serverHello"}, "header": {"token": "aae5b2dc6d7bef0f92db7064b58a4f9329e46fe9", "oid": "serverHeader", "protoVer": "1.0", "seq": 1}}
2015-10-14T15:51:47.024Z - info: Parsed message -  connectionttl=60, sessionttl=300, refreshToken=2e0b75ae5730a5c0ab63418b3b5236b4906e173f, oid=serverHello, token=aae5b2dc6d7bef0f92db7064b58a4f9329e46fe9, oid=serverHeader, protoVer=1.0, seq=1
2015-10-14T15:51:47.025Z - info: Sending digest.
2015-10-14T15:51:47.064Z - info: Generated digest:  2ebb6a25813b723f3e80e04e60f21f0d0135d7f0788db50f1a8454f58655cd162d78e664f2f32a84e89a33682fe9fdb18670e0f475d82806b2142163378d7ac4ae31e428116fccb8ea7f6fa034eb79aaafa086475a383a2c01702ff9dc0f808897230f293fc5e70f8958bd03e76fd6218dc16f9cc710d0b2bea17d50913e24fa
2015-10-14T15:51:47.065Z - info: Sending request through socket: {"msg":{"oid":"auth","key":"2ebb6a25813b723f3e80e04e60f21f0d0135d7f0788db50f1a8454f58655cd162d78e664f2f32a84e89a33682fe9fdb18670e0f475d82806b2142163378d7ac4ae31e428116fccb8ea7f6fa034eb79aaafa086475a383a2c01702ff9dc0f808897230f293fc5e70f8958bd03e76fd6218dc16f9cc710d0b2bea17d50913e24fa"},"header":{"oid":"clientHeader","seq":2,"protoVer":"1.0","appType":"extension","appId":"549e8e69946cc0c2c8f863b68c37148d","osId":"linux","devId":"node_js_lib","token":"aae5b2dc6d7bef0f92db7064b58a4f9329e46fe9"}}
2015-10-14T15:51:47.068Z - info: Handshake successful, going to READY.
2015-10-14T15:51:47.071Z - info: Client interface is ready.
2015-10-14T15:51:47.072Z - info: Check if user - andriy.lobashchuk@vakoms.com.ua exists.
2015-10-14T15:51:47.073Z - info: Sending request through socket: {"msg":{"oid":"rpcReq","onBehalfOf":"andriy.lobashchuk@vakoms.com.ua","namespace":"auth_client_plugin","call":"check_user_exists","data":{"keys":["client_key"],"values":["andriy.lobashchuk@vakoms.com.ua"]}},"header":{"protoVer":"1.0","seq":4,"oid":"clientHeader","appType":"extension","osId":"linux","devId":"node_js_lib","appId":"549e8e69946cc0c2c8f863b68c37148d","token":"aae5b2dc6d7bef0f92db7064b58a4f9329e46fe9"}}
2015-10-14T15:52:33.278Z - info: Initializing internal state machine.
2015-10-14T15:52:33.279Z - info: Initializing socket connection
2015-10-14T15:52:33.990Z - info: Connection established
2015-10-14T15:52:33.992Z - info: Initializing table...
2015-10-14T15:52:33.995Z - info: Inserting mockup data...
2015-10-14T15:52:33.996Z - info: Retrieving connection data:
2015-10-14T15:52:33.997Z - info: Retrieved connection data: app_id=549e8e69946cc0c2c8f863b68c37148d, app_key=-----BEGIN RSA PRIVATE KEY----- MIICXAIBAAKBgQDOqbRQZGQX+8a7SqzLMUOQTBeo62xt8FFTSBtp5nE7G6Cp7x7r 47/gMQLoDsl3pTPOgZyxwHkndJZ6Bo/YX1v7GzZqmsOevt0JEi8bau6iuSFyrmUt aI4FPRnBXJttT0PIyZNNL3hgj13JqAuw1JJUsCd/AzZQ5K9Px31JlWUv4wIDAQAB AoGAZMw3C2L7wwrlkmJIx05+8rl6bMRu/WxSbjlkTZG9NqQyB9B+l3VdF98v2Lml oDquexGSuMv1C758yoW60UEpnf71VqBqxws1O8/cnOixqZe5oiEcz+Ss2MbQWbV9 0nvjt8RnUWaSc7mjiFTzBHrFNXOCH/7wx1lCJi7+RrPG3jECQQDkduOG5oMGqR6h VKjKO3muPiXyq9aPCRz/0wBTxdnwvE3fdALkZotCrT68Z1NG6LRO0iJKm+BI2bSG Uty2Sl/ZAkEA55IlNFodAlJXRWcC5zA5CnpGJvIa9M6dvp3owE+Kj9qCe1o2VApo HYxJiHmME/S7GYW1AEqfTKv9SeQ/OJ00GwJAejwB0BNU1yN09+xLwqe/mrI1q3i0 +yJtGZLTAf9Bc8PMBloTkhArQile/35o1+95SRK0tiZgAZo5NATxgbaZQQJAed1e OOvHYmZkyQBJ9dJZ4lqwumQkrXpiZ2MAjtwNJmEu062I87c6TXp7ZBfbENF0+Rx1 QX8D0Dyeohk88BVCywJBAIqBCksFVEQtDg6JrmxyebgrdDmNjaStXL/4y4XSAK5v XqChRg3ZpJre+vnYDQPpiaw3NItj/pB6jPhdzQ2JBz4= -----END RSA PRIVATE KEY-----
2015-10-14T15:52:33.998Z - info: Closing database connection
2015-10-14T15:52:33.998Z - info: Getting regular handshake request with app_id:  549e8e69946cc0c2c8f863b68c37148d
2015-10-14T15:52:33.999Z - info: Sending request through socket: {"msg":{"oid":"clientHello"},"header":{"protoVer":"1.0","seq":0,"oid":"clientHeader","appType":"extension","osId":"linux","devId":"node_js_lib","appId":"549e8e69946cc0c2c8f863b68c37148d"}}
2015-10-14T15:52:34.144Z - info: Received message: {"msg": {"connectionttl": 60, "sessionttl": 300, "refreshToken": "7279b00661a98447cce885996d533c283948f3d6", "oid": "serverHello"}, "header": {"token": "7879186c988a7201fbbbc88fda28b815330238f5", "oid": "serverHeader", "protoVer": "1.0", "seq": 1}}
2015-10-14T15:52:34.144Z - info: Parsed message -  connectionttl=60, sessionttl=300, refreshToken=7279b00661a98447cce885996d533c283948f3d6, oid=serverHello, token=7879186c988a7201fbbbc88fda28b815330238f5, oid=serverHeader, protoVer=1.0, seq=1
2015-10-14T15:52:34.145Z - info: Sending digest.
2015-10-14T15:52:34.183Z - info: Generated digest:  3f5c321d0298519b19690b5db1426eefad930fd56aa6fba6b14b28e8b8084f01f5f8a7ab43d81c5cec0563027ee123d746b68622c63ff5f4de9c4a1f0c33097a879fa8964beba776ceee62b6e75ffd7427b6c0d463be7d5c17f3f6906cf3ce59530e8f0900b20a969ee254899ff5ebdd357082d3fd4431466d0baee372956fe9
2015-10-14T15:52:34.184Z - info: Sending request through socket: {"msg":{"oid":"auth","key":"3f5c321d0298519b19690b5db1426eefad930fd56aa6fba6b14b28e8b8084f01f5f8a7ab43d81c5cec0563027ee123d746b68622c63ff5f4de9c4a1f0c33097a879fa8964beba776ceee62b6e75ffd7427b6c0d463be7d5c17f3f6906cf3ce59530e8f0900b20a969ee254899ff5ebdd357082d3fd4431466d0baee372956fe9"},"header":{"oid":"clientHeader","seq":2,"protoVer":"1.0","appType":"extension","appId":"549e8e69946cc0c2c8f863b68c37148d","osId":"linux","devId":"node_js_lib","token":"7879186c988a7201fbbbc88fda28b815330238f5"}}
2015-10-14T15:52:34.185Z - info: Handshake successful, going to READY.
2015-10-14T15:52:34.188Z - info: Client interface is ready.
2015-10-14T15:52:34.188Z - info: Check if user - andriy.lobashchuk@vakoms.com.ua exists.
2015-10-14T15:52:34.189Z - info: Sending request through socket: {"msg":{"oid":"rpcReq","onBehalfOf":"andriy.lobashchuk@vakoms.com.ua","namespace":"auth_client_plugin","call":"check_user_exists","data":{"keys":["client_key"],"values":["andriy.lobashchuk@vakoms.com.ua"]}},"header":{"protoVer":"1.0","seq":4,"oid":"clientHeader","appType":"extension","osId":"linux","devId":"node_js_lib","appId":"549e8e69946cc0c2c8f863b68c37148d","token":"7879186c988a7201fbbbc88fda28b815330238f5"}}
2015-10-14T15:53:20.742Z - info: Initializing internal state machine.
2015-10-14T15:53:20.744Z - info: Initializing socket connection
2015-10-14T15:53:21.409Z - info: Connection established
2015-10-14T15:53:21.411Z - info: Initializing table...
2015-10-14T15:53:21.413Z - info: Inserting mockup data...
2015-10-14T15:53:21.414Z - info: Retrieving connection data:
2015-10-14T15:53:21.415Z - info: Retrieved connection data: app_id=549e8e69946cc0c2c8f863b68c37148d, app_key=-----BEGIN RSA PRIVATE KEY----- MIICXAIBAAKBgQDOqbRQZGQX+8a7SqzLMUOQTBeo62xt8FFTSBtp5nE7G6Cp7x7r 47/gMQLoDsl3pTPOgZyxwHkndJZ6Bo/YX1v7GzZqmsOevt0JEi8bau6iuSFyrmUt aI4FPRnBXJttT0PIyZNNL3hgj13JqAuw1JJUsCd/AzZQ5K9Px31JlWUv4wIDAQAB AoGAZMw3C2L7wwrlkmJIx05+8rl6bMRu/WxSbjlkTZG9NqQyB9B+l3VdF98v2Lml oDquexGSuMv1C758yoW60UEpnf71VqBqxws1O8/cnOixqZe5oiEcz+Ss2MbQWbV9 0nvjt8RnUWaSc7mjiFTzBHrFNXOCH/7wx1lCJi7+RrPG3jECQQDkduOG5oMGqR6h VKjKO3muPiXyq9aPCRz/0wBTxdnwvE3fdALkZotCrT68Z1NG6LRO0iJKm+BI2bSG Uty2Sl/ZAkEA55IlNFodAlJXRWcC5zA5CnpGJvIa9M6dvp3owE+Kj9qCe1o2VApo HYxJiHmME/S7GYW1AEqfTKv9SeQ/OJ00GwJAejwB0BNU1yN09+xLwqe/mrI1q3i0 +yJtGZLTAf9Bc8PMBloTkhArQile/35o1+95SRK0tiZgAZo5NATxgbaZQQJAed1e OOvHYmZkyQBJ9dJZ4lqwumQkrXpiZ2MAjtwNJmEu062I87c6TXp7ZBfbENF0+Rx1 QX8D0Dyeohk88BVCywJBAIqBCksFVEQtDg6JrmxyebgrdDmNjaStXL/4y4XSAK5v XqChRg3ZpJre+vnYDQPpiaw3NItj/pB6jPhdzQ2JBz4= -----END RSA PRIVATE KEY-----
2015-10-14T15:53:21.415Z - info: Closing database connection
2015-10-14T15:53:21.416Z - info: Getting regular handshake request with app_id:  549e8e69946cc0c2c8f863b68c37148d
2015-10-14T15:53:21.416Z - info: Sending request through socket: {"msg":{"oid":"clientHello"},"header":{"protoVer":"1.0","seq":0,"oid":"clientHeader","appType":"extension","osId":"linux","devId":"node_js_lib","appId":"549e8e69946cc0c2c8f863b68c37148d"}}
2015-10-14T15:53:21.548Z - info: Received message: {"msg": {"connectionttl": 60, "sessionttl": 300, "refreshToken": "fa70a2d214811afa2249d2c19edfaa6756945fb1", "oid": "serverHello"}, "header": {"token": "675fedf1019bf67d78d863244757ee91e3edd262", "oid": "serverHeader", "protoVer": "1.0", "seq": 1}}
2015-10-14T15:53:21.548Z - info: Parsed message -  connectionttl=60, sessionttl=300, refreshToken=fa70a2d214811afa2249d2c19edfaa6756945fb1, oid=serverHello, token=675fedf1019bf67d78d863244757ee91e3edd262, oid=serverHeader, protoVer=1.0, seq=1
2015-10-14T15:53:21.550Z - info: Sending digest.
2015-10-14T15:53:21.583Z - info: Generated digest:  bbee89418fb971b286cbf1d996c550de681e5d93d58f3712a7c5dd25f3774e72fac8c431250228f9abfe2abef3f5d64da12142a13829786f97d26b9086a38553c5b18eaea65ae63fdc7387fdeab60c7e0537e7f3af572deb0029364d586705021302e0a44fc20db3f7c51705d4fb438defd2503985e2a491e1b91e9306099ad8
2015-10-14T15:53:21.583Z - info: Sending request through socket: {"msg":{"oid":"auth","key":"bbee89418fb971b286cbf1d996c550de681e5d93d58f3712a7c5dd25f3774e72fac8c431250228f9abfe2abef3f5d64da12142a13829786f97d26b9086a38553c5b18eaea65ae63fdc7387fdeab60c7e0537e7f3af572deb0029364d586705021302e0a44fc20db3f7c51705d4fb438defd2503985e2a491e1b91e9306099ad8"},"header":{"oid":"clientHeader","seq":2,"protoVer":"1.0","appType":"extension","appId":"549e8e69946cc0c2c8f863b68c37148d","osId":"linux","devId":"node_js_lib","token":"675fedf1019bf67d78d863244757ee91e3edd262"}}
2015-10-14T15:53:21.585Z - info: Handshake successful, going to READY.
2015-10-14T15:53:21.586Z - info: Client interface is ready.
2015-10-14T15:53:21.586Z - info: Check if user - andriy.lobashchuk@vakoms.com.ua exists.
2015-10-14T15:53:21.587Z - info: Sending request through socket: {"msg":{"oid":"rpcReq","onBehalfOf":"andriy.lobashchuk@vakoms.com.ua","namespace":"auth_client_plugin","call":"check_user_exists","data":{"keys":["client_key"],"values":["andriy.lobashchuk@vakoms.com.ua"]}},"header":{"protoVer":"1.0","seq":4,"oid":"clientHeader","appType":"extension","osId":"linux","devId":"node_js_lib","appId":"549e8e69946cc0c2c8f863b68c37148d","token":"675fedf1019bf67d78d863244757ee91e3edd262"}}
2015-10-14T15:54:17.595Z - info: Keep Alive nop, connection connected:  true
2015-10-14T15:54:17.595Z - info: Sending request through socket: {"msg":{"oid":"nop"},"header":{"protoVer":"1.0","seq":6,"oid":"clientHeader","appType":"extension","osId":"linux","devId":"node_js_lib","appId":"549e8e69946cc0c2c8f863b68c37148d","token":"675fedf1019bf67d78d863244757ee91e3edd262"}}
2015-10-14T15:54:17.725Z - info: Received message: {"msg": {"oid": "nop"}, "header": {"token": "675fedf1019bf67d78d863244757ee91e3edd262", "oid": "serverHeader", "protoVer": "1.0", "seq": 7}}
2015-10-14T15:54:17.725Z - info: Parsed message -  oid=nop, token=675fedf1019bf67d78d863244757ee91e3edd262, oid=serverHeader, protoVer=1.0, seq=7
2015-10-14T15:55:13.603Z - info: Keep Alive nop, connection connected:  true
2015-10-14T15:55:13.603Z - info: Sending request through socket: {"msg":{"oid":"nop"},"header":{"protoVer":"1.0","seq":8,"oid":"clientHeader","appType":"extension","osId":"linux","devId":"node_js_lib","appId":"549e8e69946cc0c2c8f863b68c37148d","token":"675fedf1019bf67d78d863244757ee91e3edd262"}}
2015-10-14T15:55:13.733Z - info: Received message: {"msg": {"oid": "nop"}, "header": {"token": "675fedf1019bf67d78d863244757ee91e3edd262", "oid": "serverHeader", "protoVer": "1.0", "seq": 9}}
2015-10-14T15:55:13.733Z - info: Parsed message -  oid=nop, token=675fedf1019bf67d78d863244757ee91e3edd262, oid=serverHeader, protoVer=1.0, seq=9
2015-10-14T15:55:39.072Z - info: Initializing internal state machine.
2015-10-14T15:55:39.073Z - info: Initializing socket connection
2015-10-14T15:55:39.787Z - info: Connection established
2015-10-14T15:55:39.788Z - info: Initializing table...
2015-10-14T15:55:39.790Z - info: Inserting mockup data...
2015-10-14T15:55:39.791Z - info: Retrieving connection data:
2015-10-14T15:55:39.792Z - info: Retrieved connection data: app_id=549e8e69946cc0c2c8f863b68c37148d, app_key=-----BEGIN RSA PRIVATE KEY----- MIICXAIBAAKBgQDOqbRQZGQX+8a7SqzLMUOQTBeo62xt8FFTSBtp5nE7G6Cp7x7r 47/gMQLoDsl3pTPOgZyxwHkndJZ6Bo/YX1v7GzZqmsOevt0JEi8bau6iuSFyrmUt aI4FPRnBXJttT0PIyZNNL3hgj13JqAuw1JJUsCd/AzZQ5K9Px31JlWUv4wIDAQAB AoGAZMw3C2L7wwrlkmJIx05+8rl6bMRu/WxSbjlkTZG9NqQyB9B+l3VdF98v2Lml oDquexGSuMv1C758yoW60UEpnf71VqBqxws1O8/cnOixqZe5oiEcz+Ss2MbQWbV9 0nvjt8RnUWaSc7mjiFTzBHrFNXOCH/7wx1lCJi7+RrPG3jECQQDkduOG5oMGqR6h VKjKO3muPiXyq9aPCRz/0wBTxdnwvE3fdALkZotCrT68Z1NG6LRO0iJKm+BI2bSG Uty2Sl/ZAkEA55IlNFodAlJXRWcC5zA5CnpGJvIa9M6dvp3owE+Kj9qCe1o2VApo HYxJiHmME/S7GYW1AEqfTKv9SeQ/OJ00GwJAejwB0BNU1yN09+xLwqe/mrI1q3i0 +yJtGZLTAf9Bc8PMBloTkhArQile/35o1+95SRK0tiZgAZo5NATxgbaZQQJAed1e OOvHYmZkyQBJ9dJZ4lqwumQkrXpiZ2MAjtwNJmEu062I87c6TXp7ZBfbENF0+Rx1 QX8D0Dyeohk88BVCywJBAIqBCksFVEQtDg6JrmxyebgrdDmNjaStXL/4y4XSAK5v XqChRg3ZpJre+vnYDQPpiaw3NItj/pB6jPhdzQ2JBz4= -----END RSA PRIVATE KEY-----
2015-10-14T15:55:39.792Z - info: Closing database connection
2015-10-14T15:55:39.793Z - info: Getting regular handshake request with app_id:  549e8e69946cc0c2c8f863b68c37148d
2015-10-14T15:55:39.793Z - info: Sending request through socket: {"msg":{"oid":"clientHello"},"header":{"protoVer":"1.0","seq":0,"oid":"clientHeader","appType":"extension","osId":"linux","devId":"node_js_lib","appId":"549e8e69946cc0c2c8f863b68c37148d"}}
2015-10-14T15:55:39.942Z - info: Received message: {"msg": {"connectionttl": 60, "sessionttl": 300, "refreshToken": "3c2830d96d7ce4b02809dc1ca794f1a418b9d637", "oid": "serverHello"}, "header": {"token": "444282a8946b17354a0d711b14b3c57becc24080", "oid": "serverHeader", "protoVer": "1.0", "seq": 1}}
2015-10-14T15:55:39.943Z - info: Parsed message -  connectionttl=60, sessionttl=300, refreshToken=3c2830d96d7ce4b02809dc1ca794f1a418b9d637, oid=serverHello, token=444282a8946b17354a0d711b14b3c57becc24080, oid=serverHeader, protoVer=1.0, seq=1
2015-10-14T15:55:39.943Z - info: Sending digest.
2015-10-14T15:55:39.993Z - info: Generated digest:  b51df94553e33b3d579e2d521e1afdb050cc725b9b7da672541f3923679998fbc422bff714b491966460ed029906cc793be83b8943012a46dee4104ee82be9bd452d24252eef3f974cd4505de8d4337567d6638199c04434ae948a81eac26b2205569dba531da30055668e69c2fdce9681cc7c5595c1b13d0c6d3aeacea982d4
2015-10-14T15:55:39.993Z - info: Sending request through socket: {"msg":{"oid":"auth","key":"b51df94553e33b3d579e2d521e1afdb050cc725b9b7da672541f3923679998fbc422bff714b491966460ed029906cc793be83b8943012a46dee4104ee82be9bd452d24252eef3f974cd4505de8d4337567d6638199c04434ae948a81eac26b2205569dba531da30055668e69c2fdce9681cc7c5595c1b13d0c6d3aeacea982d4"},"header":{"oid":"clientHeader","seq":2,"protoVer":"1.0","appType":"extension","appId":"549e8e69946cc0c2c8f863b68c37148d","osId":"linux","devId":"node_js_lib","token":"444282a8946b17354a0d711b14b3c57becc24080"}}
2015-10-14T15:55:39.994Z - info: Handshake successful, going to READY.
2015-10-14T15:55:39.996Z - info: Client interface is ready.
2015-10-14T15:55:39.998Z - info: Check if user - andriy.lobashchuk@vakoms.com.ua exists.
2015-10-14T15:55:39.998Z - info: Sending request through socket: {"msg":{"oid":"rpcReq","onBehalfOf":"andriy.lobashchuk@vakoms.com.ua","namespace":"auth_client_plugin","call":"check_user_exists","data":{"keys":["client_key"],"values":["andriy.lobashchuk@vakoms.com.ua"]}},"header":{"protoVer":"1.0","seq":4,"oid":"clientHeader","appType":"extension","osId":"linux","devId":"node_js_lib","appId":"549e8e69946cc0c2c8f863b68c37148d","token":"444282a8946b17354a0d711b14b3c57becc24080"}}
2015-10-14T15:56:24.692Z - info: Initializing internal state machine.
2015-10-14T15:56:24.696Z - info: Initializing socket connection
2015-10-14T15:56:25.789Z - info: Connection established
2015-10-14T15:56:25.791Z - info: Initializing table...
2015-10-14T15:56:25.793Z - info: Inserting mockup data...
2015-10-14T15:56:25.795Z - info: Retrieving connection data:
2015-10-14T15:56:25.797Z - info: Retrieved connection data: app_id=549e8e69946cc0c2c8f863b68c37148d, app_key=-----BEGIN RSA PRIVATE KEY----- MIICXAIBAAKBgQDOqbRQZGQX+8a7SqzLMUOQTBeo62xt8FFTSBtp5nE7G6Cp7x7r 47/gMQLoDsl3pTPOgZyxwHkndJZ6Bo/YX1v7GzZqmsOevt0JEi8bau6iuSFyrmUt aI4FPRnBXJttT0PIyZNNL3hgj13JqAuw1JJUsCd/AzZQ5K9Px31JlWUv4wIDAQAB AoGAZMw3C2L7wwrlkmJIx05+8rl6bMRu/WxSbjlkTZG9NqQyB9B+l3VdF98v2Lml oDquexGSuMv1C758yoW60UEpnf71VqBqxws1O8/cnOixqZe5oiEcz+Ss2MbQWbV9 0nvjt8RnUWaSc7mjiFTzBHrFNXOCH/7wx1lCJi7+RrPG3jECQQDkduOG5oMGqR6h VKjKO3muPiXyq9aPCRz/0wBTxdnwvE3fdALkZotCrT68Z1NG6LRO0iJKm+BI2bSG Uty2Sl/ZAkEA55IlNFodAlJXRWcC5zA5CnpGJvIa9M6dvp3owE+Kj9qCe1o2VApo HYxJiHmME/S7GYW1AEqfTKv9SeQ/OJ00GwJAejwB0BNU1yN09+xLwqe/mrI1q3i0 +yJtGZLTAf9Bc8PMBloTkhArQile/35o1+95SRK0tiZgAZo5NATxgbaZQQJAed1e OOvHYmZkyQBJ9dJZ4lqwumQkrXpiZ2MAjtwNJmEu062I87c6TXp7ZBfbENF0+Rx1 QX8D0Dyeohk88BVCywJBAIqBCksFVEQtDg6JrmxyebgrdDmNjaStXL/4y4XSAK5v XqChRg3ZpJre+vnYDQPpiaw3NItj/pB6jPhdzQ2JBz4= -----END RSA PRIVATE KEY-----
2015-10-14T15:56:25.797Z - info: Closing database connection
2015-10-14T15:56:25.798Z - info: Getting regular handshake request with app_id:  549e8e69946cc0c2c8f863b68c37148d
2015-10-14T15:56:25.798Z - info: Sending request through socket: {"msg":{"oid":"clientHello"},"header":{"protoVer":"1.0","seq":0,"oid":"clientHeader","appType":"extension","osId":"linux","devId":"node_js_lib","appId":"549e8e69946cc0c2c8f863b68c37148d"}}
2015-10-14T15:56:25.973Z - info: Received message: {"msg": {"connectionttl": 60, "sessionttl": 300, "refreshToken": "0f46a8f1ca17f57b827e42d84bb09cb76a1105be", "oid": "serverHello"}, "header": {"token": "98d4cc967d0e1134bc6a6f7e8d77afea51797a0f", "oid": "serverHeader", "protoVer": "1.0", "seq": 1}}
2015-10-14T15:56:25.974Z - info: Parsed message -  connectionttl=60, sessionttl=300, refreshToken=0f46a8f1ca17f57b827e42d84bb09cb76a1105be, oid=serverHello, token=98d4cc967d0e1134bc6a6f7e8d77afea51797a0f, oid=serverHeader, protoVer=1.0, seq=1
2015-10-14T15:56:25.974Z - info: Sending digest.
2015-10-14T15:56:26.004Z - info: Generated digest:  38f356dd616373de7a28beffb7c5ed2fe6b78a9c9e976600b1d631b2fea00d8f56683f97248343af33de8076a84fcde3f88140b8c5756c011880ed075d9beff3eab99ec6c3873c1ce1b799b463d0da90b859ca837063bc7930ed32fbca76d9130c92e108f2df1b5a23c063f89c67b757bb199d8b1f36e04dd8d83e65eba088bc
2015-10-14T15:56:26.005Z - info: Sending request through socket: {"msg":{"oid":"auth","key":"38f356dd616373de7a28beffb7c5ed2fe6b78a9c9e976600b1d631b2fea00d8f56683f97248343af33de8076a84fcde3f88140b8c5756c011880ed075d9beff3eab99ec6c3873c1ce1b799b463d0da90b859ca837063bc7930ed32fbca76d9130c92e108f2df1b5a23c063f89c67b757bb199d8b1f36e04dd8d83e65eba088bc"},"header":{"oid":"clientHeader","seq":2,"protoVer":"1.0","appType":"extension","appId":"549e8e69946cc0c2c8f863b68c37148d","osId":"linux","devId":"node_js_lib","token":"98d4cc967d0e1134bc6a6f7e8d77afea51797a0f"}}
2015-10-14T15:56:26.006Z - info: Handshake successful, going to READY.
2015-10-14T15:56:26.009Z - info: Client interface is ready.
2015-10-14T15:56:26.012Z - info: Check if user - andriy.lobashchuk@vakoms.com.ua exists.
2015-10-14T15:56:26.013Z - info: Sending request through socket: {"msg":{"oid":"rpcReq","onBehalfOf":"andriy.lobashchuk@vakoms.com.ua","namespace":"auth_client_plugin","call":"check_user_exists","data":{"keys":["client_key"],"values":["andriy.lobashchuk@vakoms.com.ua"]}},"header":{"protoVer":"1.0","seq":4,"oid":"clientHeader","appType":"extension","osId":"linux","devId":"node_js_lib","appId":"549e8e69946cc0c2c8f863b68c37148d","token":"98d4cc967d0e1134bc6a6f7e8d77afea51797a0f"}}
2015-10-14T15:57:10.815Z - info: Connection closed.
2015-10-14T15:57:10.816Z - info: Received RPC response:  error=Socket connection closed.
2015-10-14T15:57:10.816Z - info: Received error from internal state machine: Socket connection closed.
2015-10-14T15:57:22.013Z - info: Keep Alive nop, connection connected:  false
2015-10-14T16:01:22.013Z - info: Refresh Token nop
2015-10-14T16:07:42.910Z - info: Initializing internal state machine.
2015-10-14T16:07:42.918Z - info: Initializing socket connection
2015-10-14T16:07:44.149Z - info: Connection established
2015-10-14T16:07:44.150Z - info: Initializing table...
2015-10-14T16:07:44.152Z - info: Inserting mockup data...
2015-10-14T16:07:44.152Z - info: Retrieving connection data:
2015-10-14T16:07:44.153Z - info: Retrieved connection data: app_id=549e8e69946cc0c2c8f863b68c37148d, app_key=-----BEGIN RSA PRIVATE KEY----- MIICXAIBAAKBgQDOqbRQZGQX+8a7SqzLMUOQTBeo62xt8FFTSBtp5nE7G6Cp7x7r 47/gMQLoDsl3pTPOgZyxwHkndJZ6Bo/YX1v7GzZqmsOevt0JEi8bau6iuSFyrmUt aI4FPRnBXJttT0PIyZNNL3hgj13JqAuw1JJUsCd/AzZQ5K9Px31JlWUv4wIDAQAB AoGAZMw3C2L7wwrlkmJIx05+8rl6bMRu/WxSbjlkTZG9NqQyB9B+l3VdF98v2Lml oDquexGSuMv1C758yoW60UEpnf71VqBqxws1O8/cnOixqZe5oiEcz+Ss2MbQWbV9 0nvjt8RnUWaSc7mjiFTzBHrFNXOCH/7wx1lCJi7+RrPG3jECQQDkduOG5oMGqR6h VKjKO3muPiXyq9aPCRz/0wBTxdnwvE3fdALkZotCrT68Z1NG6LRO0iJKm+BI2bSG Uty2Sl/ZAkEA55IlNFodAlJXRWcC5zA5CnpGJvIa9M6dvp3owE+Kj9qCe1o2VApo HYxJiHmME/S7GYW1AEqfTKv9SeQ/OJ00GwJAejwB0BNU1yN09+xLwqe/mrI1q3i0 +yJtGZLTAf9Bc8PMBloTkhArQile/35o1+95SRK0tiZgAZo5NATxgbaZQQJAed1e OOvHYmZkyQBJ9dJZ4lqwumQkrXpiZ2MAjtwNJmEu062I87c6TXp7ZBfbENF0+Rx1 QX8D0Dyeohk88BVCywJBAIqBCksFVEQtDg6JrmxyebgrdDmNjaStXL/4y4XSAK5v XqChRg3ZpJre+vnYDQPpiaw3NItj/pB6jPhdzQ2JBz4= -----END RSA PRIVATE KEY-----
2015-10-14T16:07:44.153Z - info: Closing database connection
2015-10-14T16:07:44.154Z - info: Getting regular handshake request with app_id:  549e8e69946cc0c2c8f863b68c37148d
2015-10-14T16:07:44.154Z - info: Sending request through socket: {"msg":{"oid":"clientHello"},"header":{"protoVer":"1.0","seq":0,"oid":"clientHeader","appType":"extension","osId":"linux","devId":"node_js_lib","appId":"549e8e69946cc0c2c8f863b68c37148d"}}
2015-10-14T16:07:44.288Z - info: Received message: {"msg": {"connectionttl": 60, "sessionttl": 300, "refreshToken": "5ea7e28ab5da681b12fa443c24a219e8e726d2d8", "oid": "serverHello"}, "header": {"token": "dcab98910ac64ca6decce8358a25f373a9e8d39a", "oid": "serverHeader", "protoVer": "1.0", "seq": 1}}
2015-10-14T16:07:44.288Z - info: Parsed message -  connectionttl=60, sessionttl=300, refreshToken=5ea7e28ab5da681b12fa443c24a219e8e726d2d8, oid=serverHello, token=dcab98910ac64ca6decce8358a25f373a9e8d39a, oid=serverHeader, protoVer=1.0, seq=1
2015-10-14T16:07:44.289Z - info: Sending digest.
2015-10-14T16:07:44.322Z - info: Generated digest:  7423dee73ebd8649d8d85dcb8779a47d4c120d22c29de72480dcf299775a6a1ac9c69302fc075e834c5fd38949f1604832a0674c0f2be430c3bb0513f468b670399d4c73d7078980d2b0b5ec511d0320475ab33ae9a641a247f1645eaa2337997f53ef3354dd4a3857030674e36e160bbd8ca49f65984b3ed376424dce781398
2015-10-14T16:07:44.322Z - info: Sending request through socket: {"msg":{"oid":"auth","key":"7423dee73ebd8649d8d85dcb8779a47d4c120d22c29de72480dcf299775a6a1ac9c69302fc075e834c5fd38949f1604832a0674c0f2be430c3bb0513f468b670399d4c73d7078980d2b0b5ec511d0320475ab33ae9a641a247f1645eaa2337997f53ef3354dd4a3857030674e36e160bbd8ca49f65984b3ed376424dce781398"},"header":{"oid":"clientHeader","seq":2,"protoVer":"1.0","appType":"extension","appId":"549e8e69946cc0c2c8f863b68c37148d","osId":"linux","devId":"node_js_lib","token":"dcab98910ac64ca6decce8358a25f373a9e8d39a"}}
2015-10-14T16:07:44.324Z - info: Handshake successful, going to READY.
2015-10-14T16:07:44.326Z - info: Client interface is ready.
2015-10-14T16:07:44.327Z - info: Check if user - andriy.lobashchuk@vakoms.com.ua exists.
2015-10-14T16:07:44.328Z - info: Sending request through socket: {"msg":{"oid":"rpcReq","onBehalfOf":"andriy.lobashchuk@vakoms.com.ua","namespace":"auth_client_plugin","call":"check_user_exists","data":{"keys":["client_key"],"values":["andriy.lobashchuk@vakoms.com.ua"]}},"header":{"protoVer":"1.0","seq":4,"oid":"clientHeader","appType":"extension","osId":"linux","devId":"node_js_lib","appId":"549e8e69946cc0c2c8f863b68c37148d","token":"dcab98910ac64ca6decce8358a25f373a9e8d39a"}}
2015-10-14T16:08:20.708Z - info: Initializing internal state machine.
2015-10-14T16:08:20.709Z - info: Initializing socket connection
2015-10-14T16:08:21.412Z - info: Connection established
2015-10-14T16:08:21.413Z - info: Initializing table...
2015-10-14T16:08:21.415Z - info: Inserting mockup data...
2015-10-14T16:08:21.416Z - info: Retrieving connection data:
2015-10-14T16:08:21.417Z - info: Retrieved connection data: app_id=549e8e69946cc0c2c8f863b68c37148d, app_key=-----BEGIN RSA PRIVATE KEY----- MIICXAIBAAKBgQDOqbRQZGQX+8a7SqzLMUOQTBeo62xt8FFTSBtp5nE7G6Cp7x7r 47/gMQLoDsl3pTPOgZyxwHkndJZ6Bo/YX1v7GzZqmsOevt0JEi8bau6iuSFyrmUt aI4FPRnBXJttT0PIyZNNL3hgj13JqAuw1JJUsCd/AzZQ5K9Px31JlWUv4wIDAQAB AoGAZMw3C2L7wwrlkmJIx05+8rl6bMRu/WxSbjlkTZG9NqQyB9B+l3VdF98v2Lml oDquexGSuMv1C758yoW60UEpnf71VqBqxws1O8/cnOixqZe5oiEcz+Ss2MbQWbV9 0nvjt8RnUWaSc7mjiFTzBHrFNXOCH/7wx1lCJi7+RrPG3jECQQDkduOG5oMGqR6h VKjKO3muPiXyq9aPCRz/0wBTxdnwvE3fdALkZotCrT68Z1NG6LRO0iJKm+BI2bSG Uty2Sl/ZAkEA55IlNFodAlJXRWcC5zA5CnpGJvIa9M6dvp3owE+Kj9qCe1o2VApo HYxJiHmME/S7GYW1AEqfTKv9SeQ/OJ00GwJAejwB0BNU1yN09+xLwqe/mrI1q3i0 +yJtGZLTAf9Bc8PMBloTkhArQile/35o1+95SRK0tiZgAZo5NATxgbaZQQJAed1e OOvHYmZkyQBJ9dJZ4lqwumQkrXpiZ2MAjtwNJmEu062I87c6TXp7ZBfbENF0+Rx1 QX8D0Dyeohk88BVCywJBAIqBCksFVEQtDg6JrmxyebgrdDmNjaStXL/4y4XSAK5v XqChRg3ZpJre+vnYDQPpiaw3NItj/pB6jPhdzQ2JBz4= -----END RSA PRIVATE KEY-----
2015-10-14T16:08:21.418Z - info: Closing database connection
2015-10-14T16:08:21.418Z - info: Getting regular handshake request with app_id:  549e8e69946cc0c2c8f863b68c37148d
2015-10-14T16:08:21.419Z - info: Sending request through socket: {"msg":{"oid":"clientHello"},"header":{"protoVer":"1.0","seq":0,"oid":"clientHeader","appType":"extension","osId":"linux","devId":"node_js_lib","appId":"549e8e69946cc0c2c8f863b68c37148d"}}
2015-10-14T16:08:21.552Z - info: Received message: {"msg": {"connectionttl": 60, "sessionttl": 300, "refreshToken": "353963f636c5967128c1c21c4b2de0f3ce15474b", "oid": "serverHello"}, "header": {"token": "1cc8ff51b9cc97e0fee9ea408eca8cacd2796230", "oid": "serverHeader", "protoVer": "1.0", "seq": 1}}
2015-10-14T16:08:21.552Z - info: Parsed message -  connectionttl=60, sessionttl=300, refreshToken=353963f636c5967128c1c21c4b2de0f3ce15474b, oid=serverHello, token=1cc8ff51b9cc97e0fee9ea408eca8cacd2796230, oid=serverHeader, protoVer=1.0, seq=1
2015-10-14T16:08:21.553Z - info: Sending digest.
2015-10-14T16:08:21.590Z - info: Generated digest:  3356846736fa29672c307b4574d2b9eaa1892f10cc1830ed24fd8005d9ceaee3c0a4510760ee0fb3d64f317299126508e5c080aa8b50379dc7463f66b2ce41974092020ce73c3bb6858c3df9c8e72ca767678fc642d3fba98d7c279256907cfdb695c8bb64d6d4419ff5ae2946d1b1de15ca8e4713f10a98563f4962c59c30d4
2015-10-14T16:08:21.590Z - info: Sending request through socket: {"msg":{"oid":"auth","key":"3356846736fa29672c307b4574d2b9eaa1892f10cc1830ed24fd8005d9ceaee3c0a4510760ee0fb3d64f317299126508e5c080aa8b50379dc7463f66b2ce41974092020ce73c3bb6858c3df9c8e72ca767678fc642d3fba98d7c279256907cfdb695c8bb64d6d4419ff5ae2946d1b1de15ca8e4713f10a98563f4962c59c30d4"},"header":{"oid":"clientHeader","seq":2,"protoVer":"1.0","appType":"extension","appId":"549e8e69946cc0c2c8f863b68c37148d","osId":"linux","devId":"node_js_lib","token":"1cc8ff51b9cc97e0fee9ea408eca8cacd2796230"}}
2015-10-14T16:08:21.591Z - info: Handshake successful, going to READY.
2015-10-14T16:08:21.593Z - info: Client interface is ready.
2015-10-14T16:08:21.595Z - info: Check if user - andriy.lobashchuk@vakoms.com.ua exists.
2015-10-14T16:08:21.596Z - info: Sending request through socket: {"msg":{"oid":"rpcReq","onBehalfOf":"andriy.lobashchuk@vakoms.com.ua","namespace":"auth_client_plugin","call":"check_user_exists","data":{"keys":["client_key"],"values":["andriy.lobashchuk@vakoms.com.ua"]}},"header":{"protoVer":"1.0","seq":4,"oid":"clientHeader","appType":"extension","osId":"linux","devId":"node_js_lib","appId":"549e8e69946cc0c2c8f863b68c37148d","token":"1cc8ff51b9cc97e0fee9ea408eca8cacd2796230"}}
2015-10-14T16:09:11.035Z - info: Initializing internal state machine.
2015-10-14T16:09:11.037Z - info: Initializing socket connection
2015-10-14T16:09:11.772Z - info: Connection established
2015-10-14T16:09:11.774Z - info: Initializing table...
2015-10-14T16:09:11.776Z - info: Inserting mockup data...
2015-10-14T16:09:11.777Z - info: Retrieving connection data:
2015-10-14T16:09:11.778Z - info: Retrieved connection data: app_id=549e8e69946cc0c2c8f863b68c37148d, app_key=-----BEGIN RSA PRIVATE KEY----- MIICXAIBAAKBgQDOqbRQZGQX+8a7SqzLMUOQTBeo62xt8FFTSBtp5nE7G6Cp7x7r 47/gMQLoDsl3pTPOgZyxwHkndJZ6Bo/YX1v7GzZqmsOevt0JEi8bau6iuSFyrmUt aI4FPRnBXJttT0PIyZNNL3hgj13JqAuw1JJUsCd/AzZQ5K9Px31JlWUv4wIDAQAB AoGAZMw3C2L7wwrlkmJIx05+8rl6bMRu/WxSbjlkTZG9NqQyB9B+l3VdF98v2Lml oDquexGSuMv1C758yoW60UEpnf71VqBqxws1O8/cnOixqZe5oiEcz+Ss2MbQWbV9 0nvjt8RnUWaSc7mjiFTzBHrFNXOCH/7wx1lCJi7+RrPG3jECQQDkduOG5oMGqR6h VKjKO3muPiXyq9aPCRz/0wBTxdnwvE3fdALkZotCrT68Z1NG6LRO0iJKm+BI2bSG Uty2Sl/ZAkEA55IlNFodAlJXRWcC5zA5CnpGJvIa9M6dvp3owE+Kj9qCe1o2VApo HYxJiHmME/S7GYW1AEqfTKv9SeQ/OJ00GwJAejwB0BNU1yN09+xLwqe/mrI1q3i0 +yJtGZLTAf9Bc8PMBloTkhArQile/35o1+95SRK0tiZgAZo5NATxgbaZQQJAed1e OOvHYmZkyQBJ9dJZ4lqwumQkrXpiZ2MAjtwNJmEu062I87c6TXp7ZBfbENF0+Rx1 QX8D0Dyeohk88BVCywJBAIqBCksFVEQtDg6JrmxyebgrdDmNjaStXL/4y4XSAK5v XqChRg3ZpJre+vnYDQPpiaw3NItj/pB6jPhdzQ2JBz4= -----END RSA PRIVATE KEY-----
2015-10-14T16:09:11.778Z - info: Closing database connection
2015-10-14T16:09:11.779Z - info: Getting regular handshake request with app_id:  549e8e69946cc0c2c8f863b68c37148d
2015-10-14T16:09:11.779Z - info: Sending request through socket: {"msg":{"oid":"clientHello"},"header":{"protoVer":"1.0","seq":0,"oid":"clientHeader","appType":"extension","osId":"linux","devId":"node_js_lib","appId":"549e8e69946cc0c2c8f863b68c37148d"}}
2015-10-14T16:09:11.918Z - info: Received message: {"msg": {"connectionttl": 60, "sessionttl": 300, "refreshToken": "7d368ebd0c3d79bfc6deb33fa4ce3ad00c720431", "oid": "serverHello"}, "header": {"token": "526b0a1f83972f0d8d0a0122d471ff9f2eee7dd4", "oid": "serverHeader", "protoVer": "1.0", "seq": 1}}
2015-10-14T16:09:11.919Z - info: Parsed message -  connectionttl=60, sessionttl=300, refreshToken=7d368ebd0c3d79bfc6deb33fa4ce3ad00c720431, oid=serverHello, token=526b0a1f83972f0d8d0a0122d471ff9f2eee7dd4, oid=serverHeader, protoVer=1.0, seq=1
2015-10-14T16:09:11.919Z - info: Sending digest.
2015-10-14T16:09:11.955Z - info: Generated digest:  c151c7cffe653c89b4ec215e78ad92a2dced6651e0430638a212d0e7bd3ac7b9cc0170a5e5d8b94f20b955085b997bf44a438b6077fb6246accc275c2d8bf8fd43d073fc26f5e2d254614ebbd13b9d0b7b05d40366c0b878b2e7e90db73e8eedb556024c9c9e10f638d9b5edb055d516289e5512053a11957ac30b9ab41d151c
2015-10-14T16:09:11.955Z - info: Sending request through socket: {"msg":{"oid":"auth","key":"c151c7cffe653c89b4ec215e78ad92a2dced6651e0430638a212d0e7bd3ac7b9cc0170a5e5d8b94f20b955085b997bf44a438b6077fb6246accc275c2d8bf8fd43d073fc26f5e2d254614ebbd13b9d0b7b05d40366c0b878b2e7e90db73e8eedb556024c9c9e10f638d9b5edb055d516289e5512053a11957ac30b9ab41d151c"},"header":{"oid":"clientHeader","seq":2,"protoVer":"1.0","appType":"extension","appId":"549e8e69946cc0c2c8f863b68c37148d","osId":"linux","devId":"node_js_lib","token":"526b0a1f83972f0d8d0a0122d471ff9f2eee7dd4"}}
2015-10-14T16:09:11.956Z - info: Handshake successful, going to READY.
2015-10-14T16:09:11.957Z - info: Client interface is ready.
2015-10-14T16:09:11.958Z - info: Check if user - andriy.lobashchuk@vakoms.com.ua exists.
2015-10-14T16:09:11.959Z - info: Sending request through socket: {"msg":{"oid":"rpcReq","onBehalfOf":"andriy.lobashchuk@vakoms.com.ua","namespace":"auth_client_plugin","call":"check_user_exists","data":{"keys":["client_key"],"values":["andriy.lobashchuk@vakoms.com.ua"]}},"header":{"protoVer":"1.0","seq":4,"oid":"clientHeader","appType":"extension","osId":"linux","devId":"node_js_lib","appId":"549e8e69946cc0c2c8f863b68c37148d","token":"526b0a1f83972f0d8d0a0122d471ff9f2eee7dd4"}}
2015-10-14T16:09:38.574Z - info: Connection closed.
2015-10-14T16:09:38.575Z - info: Received RPC response:  error=Socket connection closed.
2015-10-14T16:09:38.577Z - info: Received error from internal state machine: Socket connection closed.
2015-10-14T16:09:42.366Z - info: Initializing internal state machine.
2015-10-14T16:09:42.367Z - info: Client interface is ready.
2015-10-14T16:10:07.960Z - info: Keep Alive nop, connection connected:  false
2015-10-14T16:11:43.091Z - info: Initializing internal state machine.
2015-10-14T16:11:43.095Z - info: Initializing socket connection
2015-10-14T16:11:43.891Z - info: Connection established
2015-10-14T16:11:43.893Z - info: Initializing table...
2015-10-14T16:11:43.895Z - info: Inserting mockup data...
2015-10-14T16:11:43.896Z - info: Retrieving connection data:
2015-10-14T16:11:43.897Z - info: Retrieved connection data: app_id=549e8e69946cc0c2c8f863b68c37148d, app_key=-----BEGIN RSA PRIVATE KEY----- MIICXAIBAAKBgQDOqbRQZGQX+8a7SqzLMUOQTBeo62xt8FFTSBtp5nE7G6Cp7x7r 47/gMQLoDsl3pTPOgZyxwHkndJZ6Bo/YX1v7GzZqmsOevt0JEi8bau6iuSFyrmUt aI4FPRnBXJttT0PIyZNNL3hgj13JqAuw1JJUsCd/AzZQ5K9Px31JlWUv4wIDAQAB AoGAZMw3C2L7wwrlkmJIx05+8rl6bMRu/WxSbjlkTZG9NqQyB9B+l3VdF98v2Lml oDquexGSuMv1C758yoW60UEpnf71VqBqxws1O8/cnOixqZe5oiEcz+Ss2MbQWbV9 0nvjt8RnUWaSc7mjiFTzBHrFNXOCH/7wx1lCJi7+RrPG3jECQQDkduOG5oMGqR6h VKjKO3muPiXyq9aPCRz/0wBTxdnwvE3fdALkZotCrT68Z1NG6LRO0iJKm+BI2bSG Uty2Sl/ZAkEA55IlNFodAlJXRWcC5zA5CnpGJvIa9M6dvp3owE+Kj9qCe1o2VApo HYxJiHmME/S7GYW1AEqfTKv9SeQ/OJ00GwJAejwB0BNU1yN09+xLwqe/mrI1q3i0 +yJtGZLTAf9Bc8PMBloTkhArQile/35o1+95SRK0tiZgAZo5NATxgbaZQQJAed1e OOvHYmZkyQBJ9dJZ4lqwumQkrXpiZ2MAjtwNJmEu062I87c6TXp7ZBfbENF0+Rx1 QX8D0Dyeohk88BVCywJBAIqBCksFVEQtDg6JrmxyebgrdDmNjaStXL/4y4XSAK5v XqChRg3ZpJre+vnYDQPpiaw3NItj/pB6jPhdzQ2JBz4= -----END RSA PRIVATE KEY-----
2015-10-14T16:11:43.897Z - info: Closing database connection
2015-10-14T16:11:43.897Z - info: Getting regular handshake request with app_id:  549e8e69946cc0c2c8f863b68c37148d
2015-10-14T16:11:43.898Z - info: Sending request through socket: {"msg":{"oid":"clientHello"},"header":{"protoVer":"1.0","seq":0,"oid":"clientHeader","appType":"extension","osId":"linux","devId":"node_js_lib","appId":"549e8e69946cc0c2c8f863b68c37148d"}}
2015-10-14T16:11:44.032Z - info: Received message: {"msg": {"connectionttl": 60, "sessionttl": 300, "refreshToken": "686a87071ce8dbfa2cde50ae61b1044fd0021c1e", "oid": "serverHello"}, "header": {"token": "049d55d2026bd9d701105c124b25b09baa5309bd", "oid": "serverHeader", "protoVer": "1.0", "seq": 1}}
2015-10-14T16:11:44.033Z - info: Parsed message -  connectionttl=60, sessionttl=300, refreshToken=686a87071ce8dbfa2cde50ae61b1044fd0021c1e, oid=serverHello, token=049d55d2026bd9d701105c124b25b09baa5309bd, oid=serverHeader, protoVer=1.0, seq=1
2015-10-14T16:11:44.034Z - info: Sending digest.
2015-10-14T16:11:44.070Z - info: Generated digest:  9dc0aa89e3c9c5d1840a4511d76763091199f00fb0bb0fc73486328107efeb9b64f859cf0ceb881ae8c170e6a3cd6ce186ad12b8c94b617b428e95f4b47bed7dbe86d3dcd948d21971b22efb07e955d2daebe5ecff124777ea2ec9c30776936e617173141686dce3ae2670604491c5cf26fb0064fa43662959ba269110aed654
2015-10-14T16:11:44.071Z - info: Sending request through socket: {"msg":{"oid":"auth","key":"9dc0aa89e3c9c5d1840a4511d76763091199f00fb0bb0fc73486328107efeb9b64f859cf0ceb881ae8c170e6a3cd6ce186ad12b8c94b617b428e95f4b47bed7dbe86d3dcd948d21971b22efb07e955d2daebe5ecff124777ea2ec9c30776936e617173141686dce3ae2670604491c5cf26fb0064fa43662959ba269110aed654"},"header":{"oid":"clientHeader","seq":2,"protoVer":"1.0","appType":"extension","appId":"549e8e69946cc0c2c8f863b68c37148d","osId":"linux","devId":"node_js_lib","token":"049d55d2026bd9d701105c124b25b09baa5309bd"}}
2015-10-14T16:11:44.072Z - info: Handshake successful, going to READY.
2015-10-14T16:11:44.073Z - info: Client interface is ready.
2015-10-14T16:11:44.076Z - info: Check if user - andriy.lobashchuk@vakoms.com.ua exists.
2015-10-14T16:11:44.077Z - info: Sending request through socket: {"msg":{"oid":"rpcReq","onBehalfOf":"andriy.lobashchuk@vakoms.com.ua","namespace":"auth_client_plugin","call":"check_user_exists","data":{"keys":["client_key"],"values":["andriy.lobashchuk@vakoms.com.ua"]}},"header":{"protoVer":"1.0","seq":4,"oid":"clientHeader","appType":"extension","osId":"linux","devId":"node_js_lib","appId":"549e8e69946cc0c2c8f863b68c37148d","token":"049d55d2026bd9d701105c124b25b09baa5309bd"}}
2015-10-14T16:12:40.084Z - info: Keep Alive nop, connection connected:  true
2015-10-14T16:12:40.085Z - info: Sending request through socket: {"msg":{"oid":"nop"},"header":{"protoVer":"1.0","seq":6,"oid":"clientHeader","appType":"extension","osId":"linux","devId":"node_js_lib","appId":"549e8e69946cc0c2c8f863b68c37148d","token":"049d55d2026bd9d701105c124b25b09baa5309bd"}}
2015-10-14T16:12:40.209Z - info: Received message: {"msg": {"oid": "nop"}, "header": {"token": "049d55d2026bd9d701105c124b25b09baa5309bd", "oid": "serverHeader", "protoVer": "1.0", "seq": 7}}
2015-10-14T16:12:40.209Z - info: Parsed message -  oid=nop, token=049d55d2026bd9d701105c124b25b09baa5309bd, oid=serverHeader, protoVer=1.0, seq=7
2015-10-14T16:13:36.098Z - info: Keep Alive nop, connection connected:  true
2015-10-14T16:13:36.098Z - info: Sending request through socket: {"msg":{"oid":"nop"},"header":{"protoVer":"1.0","seq":8,"oid":"clientHeader","appType":"extension","osId":"linux","devId":"node_js_lib","appId":"549e8e69946cc0c2c8f863b68c37148d","token":"049d55d2026bd9d701105c124b25b09baa5309bd"}}
2015-10-14T16:13:36.223Z - info: Received message: {"msg": {"oid": "nop"}, "header": {"token": "049d55d2026bd9d701105c124b25b09baa5309bd", "oid": "serverHeader", "protoVer": "1.0", "seq": 9}}
2015-10-14T16:13:36.223Z - info: Parsed message -  oid=nop, token=049d55d2026bd9d701105c124b25b09baa5309bd, oid=serverHeader, protoVer=1.0, seq=9
2015-10-14T16:14:32.118Z - info: Keep Alive nop, connection connected:  true
2015-10-14T16:14:32.118Z - info: Sending request through socket: {"msg":{"oid":"nop"},"header":{"protoVer":"1.0","seq":10,"oid":"clientHeader","appType":"extension","osId":"linux","devId":"node_js_lib","appId":"549e8e69946cc0c2c8f863b68c37148d","token":"049d55d2026bd9d701105c124b25b09baa5309bd"}}
2015-10-14T16:14:32.242Z - info: Received message: {"msg": {"oid": "nop"}, "header": {"token": "049d55d2026bd9d701105c124b25b09baa5309bd", "oid": "serverHeader", "protoVer": "1.0", "seq": 11}}
2015-10-14T16:14:32.242Z - info: Parsed message -  oid=nop, token=049d55d2026bd9d701105c124b25b09baa5309bd, oid=serverHeader, protoVer=1.0, seq=11
